04:25:55.441 INFO  [c.f.a.ForwardSecureANNSystem] - FSP-ANN start | dim=128 | batchSize=100000
04:25:55.445 INFO  [c.f.a.ForwardSecureANNSystem] - Loading queries from: /mnt/data/mehran/Datasets/SIFT1M/sift_query.fvecs
04:25:55.541 INFO  [c.f.a.ForwardSecureANNSystem] - Loaded 10000 queries total
04:25:56.048 INFO  [c.f.a.ForwardSecureANNSystem] - TokenFactory created: dim=128 m=24 lambda=2 divisions=3
04:25:56.104 INFO  [c.f.a.ForwardSecureANNSystem] - BaseVectorReader mapped: (dim=128, type=fvecs)
04:27:18.362 INFO  [c.f.a.ForwardSecureANNSystem] - batchInsert complete: 100000 vectors inserted this call
04:28:36.049 INFO  [c.f.a.ForwardSecureANNSystem] - batchInsert complete: 200000 vectors inserted this call
04:29:52.776 INFO  [c.f.a.ForwardSecureANNSystem] - batchInsert complete: 300000 vectors inserted this call
04:31:07.358 INFO  [c.f.a.ForwardSecureANNSystem] - batchInsert complete: 400000 vectors inserted this call
04:32:23.336 INFO  [c.f.a.ForwardSecureANNSystem] - batchInsert complete: 500000 vectors inserted this call
04:33:36.738 INFO  [c.f.a.ForwardSecureANNSystem] - batchInsert complete: 600000 vectors inserted this call
04:34:52.989 INFO  [c.f.a.ForwardSecureANNSystem] - batchInsert complete: 700000 vectors inserted this call
04:36:25.937 INFO  [c.f.a.ForwardSecureANNSystem] - batchInsert complete: 800000 vectors inserted this call
04:37:38.531 INFO  [c.f.a.ForwardSecureANNSystem] - batchInsert complete: 900000 vectors inserted this call
04:38:51.339 INFO  [c.f.a.ForwardSecureANNSystem] - batchInsert complete: 1000000 vectors inserted this call
04:38:51.340 INFO  [c.f.a.ForwardSecureANNSystem] - Indexing completed: indexedInThisRun=1000000, totalIndexed=1000000
04:38:51.363 INFO  [c.f.a.ForwardSecureANNSystem] - Index complete | time=775.259s
04:39:09.154 INFO  [c.f.a.ForwardSecureANNSystem] - Partitioned index finalized for search
04:39:09.203 INFO  [c.f.a.ForwardSecureANNSystem] - Running explicit query loop: queries=10000, dim=128
04:44:16.794 INFO  [c.f.a.ForwardSecureANNSystem] - Query complete | time=307.591s
04:44:16.795 WARN  [c.f.a.ForwardSecureANNSystem] - No candidates touched; skipping selective re-encryption
04:44:23.418 INFO  [c.f.a.ForwardSecureANNSystem] - Shutting down executor service...
04:44:23.661 INFO  [c.f.a.ForwardSecureANNSystem] - FSP-ANN complete

dataset,profile,ART_ms,AvgRatio
SIFT1M,D3,191.698,0.000000
